[    0.000000] Linux version 4.15.0-191-generic (buildd@lcy02-amd64-032) (gcc version 7.5.0 (Ubuntu 7.5.0-3ubuntu1~18.04)) #202-Ubuntu SMP Thu Aug 4 01:49:29 UTC 2022 (Ubuntu 4.15.0-191.202-generic 4.15.18)
[    0.000000] Command line: BOOT_IMAGE=/boot/vmlinuz-4.15.0-191-generic root=LABEL=cloudimg-rootfs ro console=tty1 console=ttyS0
[    0.000000] KERNEL supported cpus:
[    0.000000]   Intel GenuineIntel
[    0.000000]   AMD AuthenticAMD
[    0.000000]   Centaur CentaurHauls
[    0.000000] x86/fpu: Supporting XSAVE feature 0x001: 'x87 floating point registers'
[    0.000000] x86/fpu: Supporting XSAVE feature 0x002: 'SSE registers'
[    0.000000] x86/fpu: Supporting XSAVE feature 0x004: 'AVX registers'
[    0.000000] x86/fpu: xstate_offset[2]:  576, xstate_sizes[2]:  256
[    0.000000] x86/fpu: Enabled xstate features 0x7, context size is 832 bytes, using 'standard' format.
[    0.000000] e820: BIOS-provided physical RAM map:
[    0.000000] BIOS-e820: [mem 0x0000000000000000-0x000000000009fbff] usable
[    0.000000] BIOS-e820: [mem 0x000000000009fc00-0x000000000009ffff] reserved
[    0.000000] BIOS-e820: [mem 0x00000000000f0000-0x00000000000fffff] reserved
[    0.000000] BIOS-e820: [mem 0x0000000000100000-0x000000003ffeffff] usable
[    0.000000] BIOS-e820: [mem 0x000000003fff0000-0x000000003fffffff] ACPI data
[    0.000000] BIOS-e820: [mem 0x00000000fec00000-0x00000000fec00fff] reserved
[    0.000000] BIOS-e820: [mem 0x00000000fee00000-0x00000000fee00fff] reserved
[    0.000000] BIOS-e820: [mem 0x00000000fffc0000-0x00000000ffffffff] reserved
[    0.000000] NX (Execute Disable) protection: active
[    0.000000] SMBIOS 2.5 present.
[    0.000000] DMI: innotek GmbH VirtualBox/VirtualBox, BIOS VirtualBox 12/01/2006
[    0.000000] Hypervisor detected: KVM
[    0.000000] e820: last_pfn = 0x3fff0 max_arch_pfn = 0x400000000
[    0.000000] MTRR: Disabled
[    0.000000] x86/PAT: MTRRs disabled, skipping PAT initialization too.
[    0.000000] CPU MTRRs all blank - virtualized system.
[    0.000000] x86/PAT: Configuration [0-7]: WB  WT  UC- UC  WB  WT  UC- UC  
[    0.000000] found SMP MP-table at [mem 0x0009fff0-0x0009ffff]
[    0.000000] Scanning 1 areas for low memory corruption
[    0.000000] RAMDISK: [mem 0x359c9000-0x36cdbfff]
[    0.000000] ACPI: Early table checksum verification disabled
[    0.000000] ACPI: RSDP 0x00000000000E0000 000024 (v02 VBOX  )
[    0.000000] ACPI: XSDT 0x000000003FFF0030 00003C (v01 VBOX   VBOXXSDT 00000001 ASL  00000061)
[    0.000000] ACPI: FACP 0x000000003FFF00F0 0000F4 (v04 VBOX   VBOXFACP 00000001 ASL  00000061)
[    0.000000] ACPI: DSDT 0x000000003FFF0470 002325 (v02 VBOX   VBOXBIOS 00000002 INTL 20200925)
[    0.000000] ACPI: FACS 0x000000003FFF0200 000040
[    0.000000] ACPI: FACS 0x000000003FFF0200 000040
[    0.000000] ACPI: APIC 0x000000003FFF0240 00005C (v02 VBOX   VBOXAPIC 00000001 ASL  00000061)
[    0.000000] ACPI: SSDT 0x000000003FFF02A0 0001CC (v01 VBOX   VBOXCPUT 00000002 INTL 20200925)
[    0.000000] ACPI: Reserving FACP table memory at [mem 0x3fff00f0-0x3fff01e3]
[    0.000000] ACPI: Reserving DSDT table memory at [mem 0x3fff0470-0x3fff2794]
[    0.000000] ACPI: Reserving FACS table memory at [mem 0x3fff0200-0x3fff023f]
[    0.000000] ACPI: Reserving FACS table memory at [mem 0x3fff0200-0x3fff023f]
[    0.000000] ACPI: Reserving APIC table memory at [mem 0x3fff0240-0x3fff029b]
[    0.000000] ACPI: Reserving SSDT table memory at [mem 0x3fff02a0-0x3fff046b]
[    0.000000] No NUMA configuration found
[    0.000000] Faking a node at [mem 0x0000000000000000-0x000000003ffeffff]
[    0.000000] NODE_DATA(0) allocated [mem 0x3ffc5000-0x3ffeffff]
[    0.000000] kvm-clock: cpu 0, msr 0:3ff44001, primary cpu clock
[    0.000000] kvm-clock: Using msrs 4b564d01 and 4b564d00
[    0.000000] kvm-clock: using sched offset of 3883656783 cycles
[    0.000000] clocksource: kvm-clock: mask: 0xffffffffffffffff max_cycles: 0x1cd42e4dffb, max_idle_ns: 881590591483 ns
[    0.000000] Zone ranges:
[    0.000000]   DMA      [mem 0x0000000000001000-0x0000000000ffffff]
[    0.000000]   DMA32    [mem 0x0000000001000000-0x000000003ffeffff]
[    0.000000]   Normal   empty
[    0.000000]   Device   empty
[    0.000000] Movable zone start for each node
[    0.000000] Early memory node ranges
[    0.000000]   node   0: [mem 0x0000000000001000-0x000000000009efff]
[    0.000000]   node   0: [mem 0x0000000000100000-0x000000003ffeffff]
[    0.000000] Reserved but unavailable: 104 pages
[    0.000000] Initmem setup node 0 [mem 0x0000000000001000-0x000000003ffeffff]
[    0.000000] ACPI: PM-Timer IO Port: 0x4008
[    0.000000] IOAPIC[0]: apic_id 2, version 32, address 0xfec00000, GSI 0-23
[    0.000000] ACPI: INT_SRC_OVR (bus 0 bus_irq 0 global_irq 2 dfl dfl)
[    0.000000] ACPI: INT_SRC_OVR (bus 0 bus_irq 9 global_irq 9 low level)
[    0.000000] Using ACPI (MADT) for SMP configuration information
[    0.000000] smpboot: Allowing 2 CPUs, 0 hotplug CPUs
[    0.000000] PM: Registered nosave memory: [mem 0x00000000-0x00000fff]
[    0.000000] PM: Registered nosave memory: [mem 0x0009f000-0x0009ffff]
[    0.000000] PM: Registered nosave memory: [mem 0x000a0000-0x000effff]
[    0.000000] PM: Registered nosave memory: [mem 0x000f0000-0x000fffff]
[    0.000000] e820: [mem 0x40000000-0xfebfffff] available for PCI devices
[    0.000000] Booting paravirtualized kernel on KVM
[    0.000000] clocksource: refined-jiffies: mask: 0xffffffff max_cycles: 0xffffffff, max_idle_ns: 7645519600211568 ns
[    0.000000] random: get_random_bytes called from start_kernel+0x99/0x500 with crng_init=0
[    0.000000] setup_percpu: NR_CPUS:8192 nr_cpumask_bits:2 nr_cpu_ids:2 nr_node_ids:1
[    0.000000] percpu: Embedded 50 pages/cpu s167936 r8192 d28672 u1048576
[    0.000000] PV qspinlock hash table entries: 256 (order: 0, 4096 bytes)
[    0.000000] Built 1 zonelists, mobility grouping on.  Total pages: 257913
[    0.000000] Policy zone: DMA32
[    0.000000] Kernel command line: BOOT_IMAGE=/boot/vmlinuz-4.15.0-191-generic root=LABEL=cloudimg-rootfs ro console=tty1 console=ttyS0
[    0.000000] Memory: 982644K/1048120K available (12300K kernel code, 2484K rwdata, 4324K rodata, 2468K init, 2724K bss, 65476K reserved, 0K cma-reserved)
[    0.000000] SLUB: HWalign=64, Order=0-3, MinObjects=0, CPUs=2, Nodes=1
[    0.000000] Kernel/User page tables isolation: enabled
[    0.000000] ftrace: allocating 39485 entries in 155 pages
[    0.004000] Hierarchical RCU implementation.
[    0.004000] 	RCU restricting CPUs from NR_CPUS=8192 to nr_cpu_ids=2.
[    0.004000] 	Tasks RCU enabled.
[    0.004000] RCU: Adjusting geometry for rcu_fanout_leaf=16, nr_cpu_ids=2
[    0.004000] NR_IRQS: 524544, nr_irqs: 440, preallocated irqs: 16
[    0.004000] Console: colour VGA+ 80x25
[    0.004000] console [tty1] enabled
[    0.004000] console [ttyS0] enabled
[    0.004000] ACPI: Core revision 20170831
[    0.004000] ACPI: 2 ACPI AML tables successfully acquired and loaded
[    0.004000] APIC: Switch to symmetric I/O mode setup
[    0.004000] x2apic enabled
[    0.004000] Switched APIC routing to physical x2apic.
[    0.004000] ..TIMER: vector=0x30 apic1=0 pin1=2 apic2=-1 pin2=-1
[    0.004033] tsc: Detected 2111.972 MHz processor
[    0.005895] Calibrating delay loop (skipped) preset value.. 4223.94 BogoMIPS (lpj=8447888)
[    0.008012] pid_max: default: 32768 minimum: 301
[    0.009145] Security Framework initialized
[    0.010015] Yama: becoming mindful.
[    0.010815] AppArmor: AppArmor initialized
[    0.012759] Dentry cache hash table entries: 131072 (order: 8, 1048576 bytes)
[    0.014147] Inode-cache hash table entries: 65536 (order: 7, 524288 bytes)
[    0.015356] Mount-cache hash table entries: 2048 (order: 2, 16384 bytes)
[    0.016010] Mountpoint-cache hash table entries: 2048 (order: 2, 16384 bytes)
[    0.020347] Last level iTLB entries: 4KB 64, 2MB 8, 4MB 8
[    0.021299] Last level dTLB entries: 4KB 64, 2MB 0, 4MB 0, 1GB 4
[    0.022363] Spectre V1 : Mitigation: usercopy/swapgs barriers and __user pointer sanitization
[    0.023788] Spectre V2 : Mitigation: Retpolines
[    0.024004] Spectre V2 : Spectre v2 / SpectreRSB mitigation: Filling RSB on context switch
[    0.025391] Speculative Store Bypass: Vulnerable
[    0.026292] MDS: Mitigation: Clear CPU buffers
[    0.027094] MMIO Stale Data: Mitigation: Clear CPU buffers
[    0.028025] SRBDS: Unknown: Dependent on hypervisor status
[    0.032026] Freeing SMP alternatives memory: 36K
[    0.143394] smpboot: CPU0: Intel(R) Core(TM) i5-10210U CPU @ 1.60GHz (family: 0x6, model: 0x8e, stepping: 0xc)
[    0.144000] Performance Events: unsupported p6 CPU model 142 no PMU driver, software events only.
[    0.144124] Hierarchical SRCU implementation.
[    0.146022] NMI watchdog: Perf event create on CPU 0 failed with -2
[    0.148007] NMI watchdog: Perf NMI watchdog permanently disabled
[    0.149383] smp: Bringing up secondary CPUs ...
[    0.150509] x86: Booting SMP configuration:
[    0.152004] .... node  #0, CPUs:      #1
[    0.004000] kvm-clock: cpu 1, msr 0:3ff44041, secondary cpu clock
[    0.156023] smp: Brought up 1 node, 2 CPUs
[    0.157068] smpboot: Max logical packages: 1
[    0.158134] smpboot: Total of 2 processors activated (8447.88 BogoMIPS)
[    0.160355] devtmpfs: initialized
[    0.164092] x86/mm: Memory block size: 128MB
[    0.165571] evm: security.selinux
[    0.166411] evm: security.SMACK64
[    0.168014] evm: security.SMACK64EXEC
[    0.168872] evm: security.SMACK64TRANSMUTE
[    0.169754] evm: security.SMACK64MMAP
[    0.170610] evm: security.apparmor
[    0.171395] evm: security.ima
[    0.172005] evm: security.capability
[    0.173006] clocksource: jiffies: mask: 0xffffffff max_cycles: 0xffffffff, max_idle_ns: 7645041785100000 ns
[    0.174158] futex hash table entries: 512 (order: 3, 32768 bytes)
[    0.176077] pinctrl core: initialized pinctrl subsystem
[    0.177941] RTC time:  6:35:19, date: 08/30/22
[    0.180551] NET: Registered protocol family 16
[    0.184016] audit: initializing netlink subsys (disabled)
[    0.185407] audit: type=2000 audit(1661841324.111:1): state=initialized audit_enabled=0 res=1
[    0.186023] cpuidle: using governor ladder
[    0.188017] cpuidle: using governor menu
[    0.190020] ACPI: bus type PCI registered
[    0.192010] acpiphp: ACPI Hot Plug PCI Controller Driver version: 0.5
[    0.193485] PCI: Using configuration type 1 for base access
[    0.197079] HugeTLB registered 2.00 MiB page size, pre-allocated 0 pages
[    0.200034] ACPI: Added _OSI(Module Device)
[    0.201157] ACPI: Added _OSI(Processor Device)
[    0.202204] ACPI: Added _OSI(3.0 _SCP Extensions)
[    0.203125] ACPI: Added _OSI(Processor Aggregator Device)
[    0.204006] ACPI: Added _OSI(Linux-Dell-Video)
[    0.204833] ACPI: Added _OSI(Linux-Lenovo-NV-HDMI-Audio)
[    0.205784] ACPI: Added _OSI(Linux-HPI-Hybrid-Graphics)
[    0.207261] ACPI: Executed 1 blocks of module-level executable AML code
[    0.213649] ACPI: Interpreter enabled
[    0.214727] ACPI: (supports S0 S5)
[    0.215731] ACPI: Using IOAPIC for interrupt routing
[    0.216389] PCI: Using host bridge windows from ACPI; if necessary, use "pci=nocrs" and report a bug
[    0.220229] ACPI: Enabled 2 GPEs in block 00 to 07
[    0.229672] ACPI: PCI Root Bridge [PCI0] (domain 0000 [bus 00-ff])
[    0.232035] acpi PNP0A03:00: _OSC: OS supports [ASPM ClockPM Segments MSI]
[    0.236079] acpi PNP0A03:00: _OSC: not requesting OS control; OS requires [ExtendedConfig ASPM ClockPM MSI]
[    0.239049] acpi PNP0A03:00: fail to add MMCONFIG information, can't access extended PCI configuration space under this bridge.
[    0.240599] PCI host bridge to bus 0000:00
[    0.241751] pci_bus 0000:00: root bus resource [io  0x0000-0x0cf7 window]
[    0.244011] pci_bus 0000:00: root bus resource [io  0x0d00-0xffff window]
[    0.245783] pci_bus 0000:00: root bus resource [mem 0x000a0000-0x000bffff window]
[    0.248039] pci_bus 0000:00: root bus resource [mem 0x40000000-0xfdffffff window]
[    0.252036] pci_bus 0000:00: root bus resource [bus 00-ff]
[    0.257497] pci 0000:00:01.1: legacy IDE quirk: reg 0x10: [io  0x01f0-0x01f7]
[    0.259131] pci 0000:00:01.1: legacy IDE quirk: reg 0x14: [io  0x03f6]
[    0.260013] pci 0000:00:01.1: legacy IDE quirk: reg 0x18: [io  0x0170-0x0177]
[    0.261598] pci 0000:00:01.1: legacy IDE quirk: reg 0x1c: [io  0x0376]
[    0.294681] pci 0000:00:07.0: quirk: [io  0x4000-0x403f] claimed by PIIX4 ACPI
[    0.296029] pci 0000:00:07.0: quirk: [io  0x4100-0x410f] claimed by PIIX4 SMB
[    0.309715] ACPI: PCI Interrupt Link [LNKA] (IRQs 5 9 10 *11)
[    0.310819] ACPI: PCI Interrupt Link [LNKB] (IRQs 5 9 *10 11)
[    0.312102] ACPI: PCI Interrupt Link [LNKC] (IRQs 5 *9 10 11)
[    0.313067] ACPI: PCI Interrupt Link [LNKD] (IRQs 5 9 10 *11)
[    0.314313] SCSI subsystem initialized
[    0.314969] pci 0000:00:02.0: vgaarb: setting as boot VGA device
[    0.314969] pci 0000:00:02.0: vgaarb: VGA device added: decodes=io+mem,owns=io+mem,locks=none
[    0.316011] pci 0000:00:02.0: vgaarb: bridge control possible
[    0.320019] vgaarb: loaded
[    0.320857] ACPI: bus type USB registered
[    0.321797] usbcore: registered new interface driver usbfs
[    0.322950] usbcore: registered new interface driver hub
[    0.324073] usbcore: registered new device driver usb
[    0.325019] EDAC MC: Ver: 3.0.0
[    0.325019] PCI: Using ACPI for IRQ routing
[    0.325114] NetLabel: Initializing
[    0.325674] NetLabel:  domain hash size = 128
[    0.328022] NetLabel:  protocols = UNLABELED CIPSOv4 CALIPSO
[    0.329255] NetLabel:  unlabeled traffic allowed by default
[    0.330292] clocksource: Switched to clocksource kvm-clock
[    0.341419] VFS: Disk quotas dquot_6.6.0
[    0.342847] VFS: Dquot-cache hash table entries: 512 (order 0, 4096 bytes)
[    0.344735] AppArmor: AppArmor Filesystem Enabled
[    0.346041] pnp: PnP ACPI init
[    0.348453] pnp: PnP ACPI: found 3 devices
[    0.356486] clocksource: acpi_pm: mask: 0xffffff max_cycles: 0xffffff, max_idle_ns: 2085701024 ns
[    0.358000] NET: Registered protocol family 2
[    0.358927] IP idents hash table entries: 16384 (order: 5, 131072 bytes)
[    0.361699] TCP established hash table entries: 8192 (order: 4, 65536 bytes)
[    0.364302] TCP bind hash table entries: 8192 (order: 5, 131072 bytes)
[    0.365719] TCP: Hash tables configured (established 8192 bind 8192)
[    0.366804] UDP hash table entries: 512 (order: 2, 16384 bytes)
[    0.367736] UDP-Lite hash table entries: 512 (order: 2, 16384 bytes)
[    0.368777] NET: Registered protocol family 1
[    0.369483] pci 0000:00:00.0: Limiting direct PCI/PCI transfers
[    0.370437] pci 0000:00:01.0: Activating ISA DMA hang workarounds
[    0.371423] pci 0000:00:02.0: Video device with shadowed ROM at [mem 0x000c0000-0x000dffff]
[    0.372861] Unpacking initramfs...
[    0.727938] Freeing initrd memory: 19532K
[    0.728855] clocksource: tsc: mask: 0xffffffffffffffff max_cycles: 0x1e715e1f384, max_idle_ns: 440795306599 ns
[    0.730425] platform rtc_cmos: registered platform RTC device (no PNP device found)
[    0.731615] Scanning for low memory corruption every 60 seconds
[    0.733137] Initialise system trusted keyrings
[    0.733965] Key type blacklist registered
[    0.734709] workingset: timestamp_bits=36 max_order=18 bucket_order=0
[    0.736639] zbud: loaded
[    0.737573] squashfs: version 4.0 (2009/01/31) Phillip Lougher
[    0.738686] fuse init (API version 7.26)
[    0.741834] Key type asymmetric registered
[    0.743033] Asymmetric key parser 'x509' registered
[    0.745206] Block layer SCSI generic (bsg) driver version 0.4 loaded (major 246)
[    0.746989] io scheduler noop registered
[    0.747896] io scheduler deadline registered
[    0.748682] io scheduler cfq registered (default)
[    0.749749] ACPI: AC Adapter [AC] (on-line)
[    0.750496] input: Power Button as /devices/LNXSYSTM:00/LNXPWRBN:00/input/input0
[    0.751703] ACPI: Power Button [PWRF]
[    0.752396] input: Sleep Button as /devices/LNXSYSTM:00/LNXSLPBN:00/input/input1
[    0.753549] ACPI: Sleep Button [SLPF]
[    0.755024] ACPI: Battery Slot [BAT0] (battery present)
[    0.756329] Serial: 8250/16550 driver, 32 ports, IRQ sharing enabled
[    0.778263] 00:02: ttyS0 at I/O 0x3f8 (irq = 4, base_baud = 115200) is a 16550A
[    0.780848] Linux agpgart interface v0.103
[    0.782733] loop: module loaded
[    0.783974] scsi host0: ata_piix
[    0.785853] scsi host1: ata_piix
[    0.786756] ata1: PATA max UDMA/33 cmd 0x1f0 ctl 0x3f6 bmdma 0xd000 irq 14
[    0.788440] ata2: PATA max UDMA/33 cmd 0x170 ctl 0x376 bmdma 0xd008 irq 15
[    0.790354] tun: Universal TUN/TAP device driver, 1.6
[    0.791649] PPP generic driver version 2.4.2
[    0.792781] ehci_hcd: USB 2.0 'Enhanced' Host Controller (EHCI) Driver
[    0.793770] ehci-pci: EHCI PCI platform driver
[    0.795518] ehci-platform: EHCI generic platform driver
[    0.796682] ohci_hcd: USB 1.1 'Open' Host Controller (OHCI) Driver
[    0.798810] ohci-pci: OHCI PCI platform driver
[    0.799576] ohci-platform: OHCI generic platform driver
[    0.800415] uhci_hcd: USB Universal Host Controller Interface driver
[    0.801435] i8042: PNP: PS/2 Controller [PNP0303:PS2K,PNP0f03:PS2M] at 0x60,0x64 irq 1,12
[    0.803194] serio: i8042 KBD port at 0x60,0x64 irq 1
[    0.804623] serio: i8042 AUX port at 0x60,0x64 irq 12
[    0.806467] mousedev: PS/2 mouse device common for all mice
[    0.809156] input: AT Translated Set 2 keyboard as /devices/platform/i8042/serio0/input/input2
[    0.811743] rtc_cmos rtc_cmos: rtc core: registered rtc_cmos as rtc0
[    0.813299] rtc_cmos rtc_cmos: alarms up to one day, 114 bytes nvram
[    0.814488] i2c /dev entries driver
[    0.815214] device-mapper: uevent: version 1.0.3
[    0.816137] device-mapper: ioctl: 4.37.0-ioctl (2017-09-20) initialised: dm-devel@redhat.com
[    0.817711] ledtrig-cpu: registered to indicate activity on CPUs
[    0.819064] NET: Registered protocol family 10
[    0.824701] Segment Routing with IPv6
[    0.826085] NET: Registered protocol family 17
[    0.827891] Key type dns_resolver registered
[    0.829471] mce: Using 0 MCE banks
[    0.830585] RAS: Correctable Errors collector initialized.
[    0.831731] sched_clock: Marking stable (829342782, 0)->(1061263002, -231920220)
[    0.833630] registered taskstats version 1
[    0.834528] Loading compiled-in X.509 certificates
[    0.837890] Loaded X.509 cert 'Build time autogenerated kernel key: c22b55fccca0ab4a1b471e83eb5a5035df964114'
[    0.840270] Loaded X.509 cert 'Canonical Ltd. Live Patch Signing: 14df34d1a87cf37625abec039ef2bf521249b969'
[    0.844913] Loaded X.509 cert 'Canonical Ltd. Kernel Module Signing: 88f752e560a1e0737e31163a466ad7b70a850c19'
[    0.847052] blacklist: Loading compiled-in revocation X.509 certificates
[    0.848258] Loaded X.509 cert 'Canonical Ltd. Secure Boot Signing: 61482aa2830d0ab2ad5af10b7250da9033ddcef0'
[    0.850004] zswap: loaded using pool lzo/zbud
[    0.854314] Key type big_key registered
[    0.855084] Key type trusted registered
[    0.858487] Key type encrypted registered
[    0.860954] AppArmor: AppArmor sha1 policy hashing enabled
[    0.862176] ima: No TPM chip found, activating TPM-bypass! (rc=-19)
[    0.863603] ima: Allocated hash algorithm: sha1
[    0.864656] evm: HMAC attrs: 0x1
[    0.865558]   Magic number: 2:930:570
[    0.866386] button LNXSLPBN:00: hash matches
[    0.867380] rtc_cmos rtc_cmos: setting system clock to 2022-08-30 06:35:19 UTC (1661841319)
[    0.869264] BIOS EDD facility v0.16 2004-Jun-25, 0 devices found
[    0.870610] EDD information not available.
[    1.179409] Freeing unused kernel image memory: 2468K
[    1.192190] Write protecting the kernel read-only data: 20480k
[    1.194379] Freeing unused kernel image memory: 2008K
[    1.195997] Freeing unused kernel image memory: 1820K
[    1.205299] x86/mm: Checked W+X mappings: passed, no W+X pages found.
[    1.206924] x86/mm: Checking user space page tables
[    1.217069] x86/mm: Checked W+X mappings: passed, no W+X pages found.
Loading, please wait...
starting version 237
[    1.290781] e1000: Intel(R) PRO/1000 Network Driver - version 7.3.21-k8-NAPI
[    1.292220] e1000: Copyright (c) 1999-2006 Intel Corporation.
[    1.297653] Fusion MPT base driver 3.04.20
[    1.298774] Copyright (c) 1999-2008 LSI Corporation
[    1.303723] Fusion MPT SPI Host driver 3.04.20
[    1.326040] AVX2 version of gcm_enc/dec engaged.
[    1.327499] AES CTR mode by8 optimization enabled
[    1.512661] input: ImExPS/2 Generic Explorer Mouse as /devices/platform/i8042/serio1/input/input4
[    1.705660] e1000 0000:00:03.0 eth0: (PCI:33MHz:32-bit) 02:7d:7d:ce:01:7d
[    1.706839] e1000 0000:00:03.0 eth0: Intel(R) PRO/1000 Network Connection
[    1.709041] mptbase: ioc0: Initiating bringup
[    1.710458] e1000 0000:00:03.0 enp0s3: renamed from eth0
[    1.816252] ioc0: LSI53C1030 A0: Capabilities={Initiator}
[    2.058723] scsi host2: ioc0: LSI53C1030 A0, FwRev=00000000h, Ports=1, MaxQ=256, IRQ=20
[    2.228538] scsi 2:0:0:0: Direct-Access     VBOX     HARDDISK         1.0  PQ: 0 ANSI: 5
[    2.256128] scsi target2:0:0: Beginning Domain Validation
[    2.259784] scsi target2:0:0: Domain Validation skipping write tests
[    2.261404] scsi target2:0:0: Ending Domain Validation
[    2.263735] scsi target2:0:0: asynchronous
[    2.266341] scsi 2:0:1:0: Direct-Access     VBOX     HARDDISK         1.0  PQ: 0 ANSI: 5
[    2.296182] scsi target2:0:1: Beginning Domain Validation
[    2.299125] random: fast init done
[    2.300415] scsi target2:0:1: Domain Validation skipping write tests
[    2.301877] scsi target2:0:1: Ending Domain Validation
[    2.303008] scsi target2:0:1: asynchronous
[    2.307735] random: systemd-udevd: uninitialized urandom read (16 bytes read)
[    2.312604] sd 2:0:0:0: Attached scsi generic sg0 type 0
[    2.312917] random: systemd-udevd: uninitialized urandom read (16 bytes read)
[    2.314084] sd 2:0:0:0: [sda] 83886080 512-byte logical blocks: (42.9 GB/40.0 GiB)
[    2.315981] random: systemd-udevd: uninitialized urandom read (16 bytes read)
[    2.319379] sd 2:0:0:0: [sda] Write Protect is off
[    2.319641] sd 2:0:1:0: [sdb] 20480 512-byte logical blocks: (10.5 MB/10.0 MiB)
[    2.321838] sd 2:0:1:0: Attached scsi generic sg1 type 0
[    2.321882] sd 2:0:1:0: [sdb] Write Protect is off
[    2.327610] sd 2:0:0:0: [sda] Incomplete mode parameter data
[    2.329653] sd 2:0:0:0: [sda] Assuming drive cache: write through
[    2.332065] sd 2:0:1:0: [sdb] Incomplete mode parameter data
[    2.334072] sd 2:0:1:0: [sdb] Assuming drive cache: write through
[    2.337904]  sda: sda1
[    2.339611] sd 2:0:0:0: [sda] Attached SCSI disk
[    2.346238] sd 2:0:1:0: [sdb] Attached SCSI disk
Begin: Loading essential drivers ... [    4.200108] raid6: sse2x1   gen()  6026 MB/s
[    4.248062] raid6: sse2x1   xor()  3926 MB/s
[    4.296246] raid6: sse2x2   gen()  7901 MB/s
[    4.344182] raid6: sse2x2   xor()  5068 MB/s
[    4.392087] raid6: sse2x4   gen()  9817 MB/s
[    4.440122] raid6: sse2x4   xor()  5431 MB/s
[    4.488095] raid6: avx2x1   gen() 13838 MB/s
[    4.536261] raid6: avx2x1   xor()  7692 MB/s
[    4.584090] raid6: avx2x2   gen() 14197 MB/s
[    4.632138] raid6: avx2x2   xor()  9629 MB/s
[    4.680053] raid6: avx2x4   gen() 19743 MB/s
[    4.728183] raid6: avx2x4   xor()  9315 MB/s
[    4.729421] raid6: using algorithm avx2x4 gen() 19743 MB/s
[    4.730949] raid6: .... xor() 9315 MB/s, rmw enabled
[    4.732454] raid6: using avx2x2 recovery algorithm
[    4.734995] xor: automatically using best checksumming function   avx       
[    4.737679] async_tx: api initialized (async)
done.
Begin: Running /scripts/init-premount ... done.
Begin: Mounting root file system ... Begin: Running /scripts/local-top ... done.
Begin: Running /scripts/local-premount ... [    4.802864] Btrfs loaded, crc32c=crc32c-intel
Scanning for Btrfs filesystems
done.
Warning: fsck not present, so skipping root file system
[    4.835103] EXT4-fs (sda1): mounted filesystem with ordered data mode. Opts: (null)
done.
Begin: Running /scripts/local-bottom ... done.
Begin: Running /scripts/init-bottom ... done.
[    5.033343] ip_tables: (C) 2000-2006 Netfilter Core Team
[    5.045238] systemd[1]: systemd 237 running in system mode. (+PAM +AUDIT +SELINUX +IMA +APPARMOR +SMACK +SYSVINIT +UTMP +LIBCRYPTSETUP +GCRYPT +GNUTLS +ACL +XZ +LZ4 +SECCOMP +BLKID +ELFUTILS +KMOD -IDN2 +IDN -PCRE2 default-hierarchy=hybrid)
[    5.049665] systemd[1]: Detected virtualization oracle.
[    5.051404] systemd[1]: Detected architecture x86-64.

Welcome to [1mUbuntu 18.04.6 LTS[0m!

[    5.058786] systemd[1]: Set hostname to <ubuntu>.
[    5.062963] systemd[1]: Initializing machine ID from random generator.
[    5.064908] systemd[1]: Installed transient /etc/machine-id file.
[    5.335861] systemd[1]: Set up automount Arbitrary Executable File Formats File System Automount Point.
[[0;32m  OK  [0m] Set up automount Arbitrary Executab…rmats File System Automount Point.
[    5.346441] systemd[1]: Created slice User and Session Slice.
[[0;32m  OK  [0m] Created slice User and Session Slice.
[    5.348396] systemd[1]: Reached target System Time Synchronized.
[[0;32m  OK  [0m] Reached target System Time Synchronized.
[    5.354947] systemd[1]: Reached target User and Group Name Lookups.
[[0;32m  OK  [0m] Reached target User and Group Name Lookups.
[[0;32m  OK  [0m] Started Forward Password Requests to Wall Directory Watch.
[[0;32m  OK  [0m] Created slice System Slice.
[[0;32m  OK  [0m] Listening on udev Control Socket.
[[0;32m  OK  [0m] Listening on udev Kernel Socket.
[[0;32m  OK  [0m] Reached target Slices.
[[0;32m  OK  [0m] Listening on Device-mapper event daemon FIFOs.
[[0;32m  OK  [0m] Listening on fsck to fsckd communication Socket.
[[0;32m  OK  [0m] Listening on LVM2 metadata daemon socket.
[[0;32m  OK  [0m] Listening on Journal Socket (/dev/log).
[[0;32m  OK  [0m] Listening on /dev/initctl Compatibility Named Pipe.
[[0;32m  OK  [0m] Listening on Syslog Socket.
[[0;32m  OK  [0m] Listening on LVM2 poll daemon socket.
[[0;32m  OK  [0m] Listening on Network Service Netlink Socket.
[[0;32m  OK  [0m] Created slice system-serial\x2dgetty.slice.
[[0;32m  OK  [0m] Listening on Journal Socket.
         Starting Uncomplicated firewall...
         Starting Monitoring of LVM2 mirrors…ng dmeventd or progress polling...
         Starting udev Coldplug all Devices...
         Mounting POSIX Message Queue File System...
         Starting Load Kernel Modules...
         Starting Set the console keyboard layout...
         Mounting Huge Pages File System...
         Mounting Kernel Debug File System...
         Starting Create list of required st…ce nodes for the current kernel...
[[0;32m  OK  [0m] Listening on Journal Audit Socket.
         Starting Journal Service...
[[0;32m  OK  [0m] Reached target Swap.
         Starting File System Check on Root Device...
[[0;32m  OK  [0m] Started Uncomplicated firewall.
[[0;32m  OK  [0m] Mounted POSIX Message Queue File System.
[[0;32m  OK  [0m] Mounted Huge Pages File System.
[[0;32m  OK  [0m] Mounted Kernel Debug File System.
[    5.523805] Loading iSCSI transport class v2.0-870.
[    5.534473] iscsi: registered transport (tcp)
[[0;32m  OK  [0m] Started udev Coldplug all Devices.
[[0;32m  OK  [0m] Started Create list of required sta…vice nodes for the current kernel.
         Starting Create Static Device Nodes in /dev...
[[0;32m  OK  [0m] Started File System Check Daemon to report status.
[[0;32m  OK  [0m] Started Journal Service.
[[0;32m  OK  [0m] Started File System Check on Root Device.
         Starting Remount Root and Kernel File Systems...
[    5.636347] iscsi: registered transport (iser)
[[0;32m  OK  [0m] Started Load Kernel Modules.
         Mounting FUSE Control File System...
         Starting Apply Kernel Variables...
         Mounting Kernel Configuration File System...
[[0;32m  OK  [0m] Mounted FUSE Control File System.
[[0;32m  OK  [0m] Started LVM2 metadata daemon.
[[0;32m  OK  [0m] Mounted Kernel Configuration File System.
[[0;32m  OK  [0m] Started Create Static Device Nodes in /dev.
[    5.732421] EXT4-fs (sda1): re-mounted. Opts: (null)
[[0;32m  OK  [0m] Started Remount Root and Kernel File Systems.
         Starting Flush Journal to Persistent Storage...
         Starting udev Kernel Device Manager...
         Starting Load/Save Random Seed...
[[0;32m  OK  [0m] Started Monitoring of LVM2 mirrors,…sing dmeventd or progress polling.
[    5.793064] systemd-journald[402]: Received request to flush runtime journal from PID 1
[[0;32m  OK  [0m] Started udev Kernel Device Manager.
[[0;32m  OK  [0m] Started Load/Save Random Seed.
[[0;32m  OK  [0m] Started Apply Kernel Variables.
[[0;32m  OK  [0m] Started Flush Journal to Persistent Storage.
[[0;32m  OK  [0m] Found device /dev/ttyS0.
[[0;32m  OK  [0m] Listening on Load/Save RF Kill Switch Status /dev/rfkill Watch.
[[0;32m  OK  [0m] Started Set the console keyboard layout.
[[0;32m  OK  [0m] Reached target Local File Systems (Pre).
[[0;32m  OK  [0m] Reached target Local File Systems.
         Starting Set console font and keymap...
         Starting Tell Plymouth To Write Out Runtime Data...
         Starting AppArmor initialization...
         Starting ebtables ruleset management...
         Starting Commit a transient machine-id on disk...
         Starting Create Volatile Files and Directories...
[[0;32m  OK  [0m] Started Dispatch Password Requests to Console Directory Watch.
[[0;32m  OK  [0m] Reached target Local Encrypted Volumes.
[[0;32m  OK  [0m] Started Tell Plymouth To Write Out Runtime Data.
[[0;32m  OK  [0m] Started Create Volatile Files and Directories.
         Starting Update UTMP about System Boot/Shutdown...
[[0;32m  OK  [0m] Started Update UTMP about System Boot/Shutdown.
[[0;32m  OK  [0m] Started Commit a transient machine-id on disk.
[[0;32m  OK  [0m] Started ebtables ruleset management.
[[0;32m  OK  [0m] Started AppArmor initialization.
         Starting Load AppArmor profiles managed internally by snapd...
         Starting Initial cloud-init job (pre-networking)...
[[0;32m  OK  [0m] Started Load AppArmor profiles managed internally by snapd.
[[0;32m  OK  [0m] Started Set console font and keymap.
[   10.584176] cloud-init[802]: Cloud-init v. 22.2-0ubuntu1~18.04.3 running 'init-local' at Tue, 30 Aug 2022 06:35:28 +0000. Up 10.13 seconds.
[[0;32m  OK  [0m] Started Initial cloud-init job (pre-networking).
[[0;32m  OK  [0m] Reached target Network (Pre).
         Starting Network Service...
[[0;32m  OK  [0m] Started Network Service.
         Starting Network Name Resolution...
         Starting Wait for Network to be Configured...
[[0;32m  OK  [0m] Started Network Name Resolution.
[[0;32m  OK  [0m] Reached target Host and Network Name Lookups.
[[0;32m  OK  [0m] Reached target Network.
[[0;32m  OK  [0m] Started Wait for Network to be Configured.
         Starting Initial cloud-init job (metadata service crawler)...
[   13.566400] cloud-init[944]: Cloud-init v. 22.2-0ubuntu1~18.04.3 running 'init' at Tue, 30 Aug 2022 06:35:31 +0000. Up 13.32 seconds.
[   13.570583] cloud-init[944]: ci-info: +++++++++++++++++++++++++++++++++++++Net device info++++++++++++++++++++++++++++++++++++++
[   13.574403] cloud-init[944]: ci-info: +--------+------+---------------------------+---------------+--------+-------------------+
[   13.576099] cloud-init[944]: ci-info: | Device |  Up  |          Address          |      Mask     | Scope  |     Hw-Address    |
[   13.577931] cloud-init[944]: ci-info: +--------+------+---------------------------+---------------+--------+-------------------+
[   13.579761] cloud-init[944]: ci-info: | enp0s3 | True |         10.0.2.15         | 255.255.255.0 | global | 02:7d:7d:ce:01:7d |
[   13.581553] cloud-init[944]: ci-info: | enp0s3 | True | fe80::7d:7dff:fece:17d/64 |       .       |  link  | 02:7d:7d:ce:01:7d |
[   13.583283] cloud-init[944]: ci-info: |   lo   | True |         127.0.0.1         |   255.0.0.0   |  host  |         .         |
[   13.584854] cloud-init[944]: ci-info: |   lo   | True |          ::1/128          |       .       |  host  |         .         |
[   13.586246] cloud-init[944]: ci-info: +--------+------+---------------------------+---------------+--------+-------------------+
[   13.590449] cloud-init[944]: ci-info: ++++++++++++++++++++++++++++Route IPv4 info+++++++++++++++++++++++++++++
[   13.598314] cloud-init[944]: ci-info: +-------+-------------+----------+-----------------+-----------+-------+
[   13.599825] cloud-init[944]: ci-info: | Route | Destination | Gateway  |     Genmask     | Interface | Flags |
[   13.601214] cloud-init[944]: ci-info: +-------+-------------+----------+-----------------+-----------+-------+
[   13.602728] cloud-init[944]: ci-info: |   0   |   0.0.0.0   | 10.0.2.2 |     0.0.0.0     |   enp0s3  |   UG  |
[   13.604018] cloud-init[944]: ci-info: |   1   |   10.0.2.0  | 0.0.0.0  |  255.255.255.0  |   enp0s3  |   U   |
[   13.605395] cloud-init[944]: ci-info: |   2   |   10.0.2.2  | 0.0.0.0  | 255.255.255.255 |   enp0s3  |   UH  |
[   13.607051] cloud-init[944]: ci-info: +-------+-------------+----------+-----------------+-----------+-------+
[   13.620392] cloud-init[944]: ci-info: +++++++++++++++++++Route IPv6 info+++++++++++++++++++
[   13.626263] cloud-init[944]: ci-info: +-------+-------------+---------+-----------+-------+
[   13.627232] cloud-init[944]: ci-info: | Route | Destination | Gateway | Interface | Flags |
[   13.628898] cloud-init[944]: ci-info: +-------+-------------+---------+-----------+-------+
[   13.630505] cloud-init[944]: ci-info: |   1   |  fe80::/64  |    ::   |   enp0s3  |   U   |
[   13.646158] cloud-init[944]: ci-info: |   3   |    local    |    ::   |   enp0s3  |   U   |
[   13.647258] cloud-init[944]: ci-info: |   4   |   ff00::/8  |    ::   |   enp0s3  |   U   |
[   13.648347] cloud-init[944]: ci-info: +-------+-------------+---------+-----------+-------+
[   14.435651] cloud-init[944]: Generating public/private rsa key pair.
[   14.436779] cloud-init[944]: Your identification has been saved in /etc/ssh/ssh_host_rsa_key.
[   14.438215] cloud-init[944]: Your public key has been saved in /etc/ssh/ssh_host_rsa_key.pub.
[   14.454580] cloud-init[944]: The key fingerprint is:
[   14.457863] cloud-init[944]: SHA256:k9+l0GHuWS6bvje18Kqm41mZmVbqMOBaVQg/9ybdpQA root@ubuntu-bionic
[   14.459476] cloud-init[944]: The key's randomart image is:
[   14.462190] cloud-init[944]: +---[RSA 2048]----+
[   14.462796] cloud-init[944]: |       .  E      |
[   14.463411] cloud-init[944]: |        o ..     |
[   14.484475] cloud-init[944]: |         + o+   .|
[   14.485293] cloud-init[944]: |         .++oo...|
[   14.485916] cloud-init[944]: |       .S...o=+. |
[   14.486431] cloud-init[944]: |      . oo +XB  .|
[   14.486935] cloud-init[944]: |       o o.O* +..|
[   14.487683] cloud-init[944]: |      o  .B. +oo |
[   14.488220] cloud-init[944]: |     .  .+++*+.. |
[   14.488753] cloud-init[944]: +----[SHA256]-----+
[   14.489186] cloud-init[944]: Generating public/private dsa key pair.
[   14.489814] cloud-init[944]: Your identification has been saved in /etc/ssh/ssh_host_dsa_key.
[   14.492037] cloud-init[944]: Your public key has been saved in /etc/ssh/ssh_host_dsa_key.pub.
[   14.516933] cloud-init[944]: The key fingerprint is:
[   14.518168] cloud-init[944]: SHA256:gYrOjzZZjfJa6hhgnSSi8x4mlOqeQwje4LA+g85xaRk root@ubuntu-bionic
[   14.519441] cloud-init[944]: The key's randomart image is:
[   14.520509] cloud-init[944]: +---[DSA 1024]----+
[   14.521192] cloud-init[944]: |                 |
[   14.522093] cloud-init[944]: |       .         |
[   14.532284] cloud-init[944]: |.. .  . .        |
[   14.533014] cloud-init[944]: |=.=...   .       |
[   14.533726] cloud-init[944]: |X=+E.o  S        |
[   14.534403] cloud-init[944]: |BO..* .          |
[   14.535127] cloud-init[944]: |B.*X.            |
[   14.535838] cloud-init[944]: |+@O*.            |
[   14.536574] cloud-init[944]: |+OXo.            |
[   14.537237] cloud-init[944]: +----[SHA256]-----+
[   14.537984] cloud-init[944]: Generating public/private ecdsa key pair.
[   14.538780] cloud-init[944]: Your identification has been saved in /etc/ssh/ssh_host_ecdsa_key.
[   14.540191] cloud-init[944]: Your public key has been saved in /etc/ssh/ssh_host_ecdsa_key.pub.
[   14.542521] cloud-init[944]: The key fingerprint is:
[   14.546543] cloud-init[944]: SHA256:XzvC2HeQPuzY86KDLfs2V/Zh7gckB2W6RtfOjfYZoeA root@ubuntu-bionic
[   14.548225] cloud-init[944]: The key's randomart image is:
[   14.549416] cloud-init[944]: +---[ECDSA 256]---+
[   14.550708] cloud-init[944]: |             .o  |
[   14.551366] cloud-init[944]: |            .o . |
[   14.552066] cloud-init[944]: |           .o....|
[   14.552786] cloud-init[944]: |          ..o+++o|
[   14.553476] cloud-init[944]: |        S  E*=o.+|
[   14.554180] cloud-init[944]: |         = = +++o|
[   14.554888] cloud-init[944]: |        .o= Bo++o|
[   14.555576] cloud-init[944]: |        o =*++ .o|
[   14.556137] cloud-init[944]: |        .=+=o+o..|
[[0;32m  OK  [0m] Started Initial cloud-init job (metadata service crawler).[   14.568783] cloud-init[944]: +----[SHA256]-----+

[   14.570453] cloud-init[944]: Generating public/private ed25519 key pair.
[[0;32m  OK  [0m[   14.571309] ] cloud-initReached target Network is Online.[944]: 
Your identification has been saved in /etc/ssh/ssh_host_ed25519_key.
[   14.572945] cloud-init[944]: Your public key has been saved in /etc/ssh/ssh_host_ed25519_key.pub.
[   14.574003] cloud-init[944]: The key fingerprint is:
         Starting Availability of block devices...
[   14.584771] cloud-init[944]: SHA256:HH3nYdlMoEEg51eYyAVuzOrRtzoA1NCx1UXVCIU9tgc root@ubuntu-bionic
[[   14.586718] cloud-init[944]: The key's randomart image is:
[   14.586902] cloud-init[944]: +--[ED25519 256]--+
[   14.587307] cloud-init[944]: |      .+oo=B=X*++|
[   14.587818] cloud-init[944]: |      . o@o =+E=.|
[   14.589028] cloud-init[944]: |     .  o B +.=+o|
[   14.589574] cloud-init[944]: |      .. = o +...|
[   14.590256] cloud-init[944]: |       .S . . .. |
[   14.590388] cloud-init[944]: |       ... . .   |
[0;32m  OK  [0m] [   14.590452] cloud-init[944]: |        ..  .    |
[   14.593617] cloud-init[944]: |          ..     |
Reached target Remote File Systems (Pre).
[   14.594308] cloud-init[944]: |          ..     |
[[0;32m  OK  [0m[   14.599096] cloud-init[944]: +----[SHA256]-----+
] Reached target Remote File Systems.
[[0;32m  OK  [0m] Reached target System Initialization.
[[0;32m  OK  [0m] Started ACPI Events Check.
[[0;32m  OK  [0m] Listening on cloud-init hotplug hook socket.
[[0;32m  OK  [0m] Reached target Paths.
[[0;32m  OK  [0m] Started Discard unused blocks once a week.
         Starting LXD - unix socket.
[[0;32m  OK  [0m] Started Message of the Day.
[[0;32m  OK  [0m] Started Daily Cleanup of Temporary Directories.
[[0;32m  OK  [0m] Listening on UUID daemon activation socket.
         Starting Socket activation for snappy daemon.
[[0;32m  OK  [0m] Started Daily apt download activities.
[[0;32m  OK  [0m] Started Daily apt upgrade and clean activities.
[[0;32m  OK  [0m] Listening on D-Bus System Message Bus Socket.
[[0;32m  OK  [0m] Listening on Open-iSCSI iscsid Socket.
[[0;32m  OK  [0m] Listening on ACPID Listen Socket.
[[0;32m  OK  [0m] Started Ubuntu Advantage Timer for running repeated jobs.
[[0;32m  OK  [0m] Reached target Timers.
[[0;32m  OK  [0m] Reached target Cloud-config availability.
[[0;32m  OK  [0m] Started Availability of block devices.
[[0;32m  OK  [0m] Listening on LXD - unix socket.
[[0;32m  OK  [0m] Listening on Socket activation for snappy daemon.
[[0;32m  OK  [0m] Reached target Sockets.
[[0;32m  OK  [0m] Reached target Basic System.
[[0;32m  OK  [0m] Started Deferred execution scheduler.
         Starting Pollinate to seed the pseudo random number generator...
         Starting LXD - container startup/shutdown...
         Starting LSB: automatic crash report generation...
[[0;32m  OK  [0m] Started D-Bus System Message Bus.
         Starting Snap Daemon...
[[0;32m  OK  [0m] Started FUSE filesystem for LXC.
         Starting Dispatcher daemon for systemd-networkd...
         Starting LSB: Record successful boot for GRUB...
         Starting Virtualbox guest utils...
         Starting Permit User Sessions...
[[0;32m  OK  [0m] Started irqbalance daemon.
[[0;32m  OK  [0m] Started Regular background program processing daemon.
         Starting System Logging Service...
         Starting Accounts Service...
         Starting Login Service...
[[0;32m  OK  [0m] Started LXD - container startup/shutdown.
[[0;32m  OK  [0m] Started Permit User Sessions.
         Starting Terminate Plymouth Boot Screen...
         Starting Hold until boot process finishes up...
[[0;32m  OK  [0m] Started Terminate Plymouth Boot Screen.
[[0;32m  OK  [0m] Started Hold until boot process finishes up.
[[0;32m  OK  [0m] Started Serial Getty on ttyS0.
         Starting Set console scheme...
[[0;32m  OK  [0m] Started System Logging Service.
[[0;32m  OK  [0m] Started LSB: automatic crash report generation.
[[0;32m  OK  [0m] Started Set console scheme.
[[0;32m  OK  [0m] Started Login Service.
[[0;32m  OK  [0m] Started Unattended Upgrades Shutdown.
[[0;32m  OK  [0m] Created slice system-getty.slice.
[[0;32m  OK  [0m] Started Getty on tty1.
[[0;32m  OK  [0m] Reached target Login Prompts.
         Starting Authorization Manager...
[[0;32m  OK  [0m] Started LSB: Record successful boot for GRUB.
[[0;32m  OK  [0m] Started Authorization Manager.
[[0;32m  OK  [0m] Started Accounts Service.
[[0;32m  OK  [0m] Started Virtualbox guest utils.
[[0;32m  OK  [0m] Started Dispatcher daemon for systemd-networkd.
[[0;32m  OK  [0m] Started Snap Daemon.
         Starting Wait until snapd is fully seeded...
         Starting Time & Date Service...
[[0;32m  OK  [0m] Started Time & Date Service.
[[0;32m  OK  [0m] Started Pollinate to seed the pseudo random number generator.
         Starting OpenBSD Secure Shell server...
[[0;32m  OK  [0m] Started OpenBSD Secure Shell server.
[[0;32m  OK  [0m] Created slice User Slice of vagrant.
         Starting User Manager for UID 1000...
[[0;32m  OK  [0m] Started Session 1 of user vagrant.
[[0;32m  OK  [0m] Started User Manager for UID 1000.
[[0;32m  OK  [0m] Started Wait until snapd is fully seeded.
         Starting Apply the settings specified in cloud-config...
[   20.005544] cloud-init[1486]: Cloud-init v. 22.2-0ubuntu1~18.04.3 running 'modules:config' at Tue, 30 Aug 2022 06:35:37 +0000. Up 18.82 seconds.
[[0;32m  OK  [0m] Started Apply the settings specified in cloud-config.
[[0;32m  OK  [0m] Reached target Multi-User System.
[[0;32m  OK  [0m] Reached target Graphical Interface.
         Starting Update UTMP about System Runlevel Changes...
         Starting Execute cloud user/final scripts...
[[0;32m  OK  [0m] Started Update UTMP about System Runlevel Changes.
ci-info: no authorized SSH keys fingerprints found for user ubuntu.
<14>Aug 30 06:35:39 cloud-init: #############################################################
<14>Aug 30 06:35:39 cloud-init: -----BEGIN SSH HOST KEY FINGERPRINTS-----
<14>Aug 30 06:35:39 cloud-init: 1024 SHA256:gYrOjzZZjfJa6hhgnSSi8x4mlOqeQwje4LA+g85xaRk root@ubuntu-bionic (DSA)
<14>Aug 30 06:35:39 cloud-init: 256 SHA256:XzvC2HeQPuzY86KDLfs2V/Zh7gckB2W6RtfOjfYZoeA root@ubuntu-bionic (ECDSA)
<14>Aug 30 06:35:39 cloud-init: 256 SHA256:HH3nYdlMoEEg51eYyAVuzOrRtzoA1NCx1UXVCIU9tgc root@ubuntu-bionic (ED25519)
<14>Aug 30 06:35:39 cloud-init: 2048 SHA256:k9+l0GHuWS6bvje18Kqm41mZmVbqMOBaVQg/9ybdpQA root@ubuntu-bionic (RSA)
<14>Aug 30 06:35:39 cloud-init: -----END SSH HOST KEY FINGERPRINTS-----
<14>Aug 30 06:35:39 cloud-init: #############################################################
-----BEGIN SSH HOST KEY KEYS-----
ecdsa-sha2-nistp256 AAAAE2VjZHNhLXNoYTItbmlzdHAyNTYAAAAIbmlzdHAyNTYAAABBBErwfnCVR8bCUnlIxt7AqKMQNvYIugNyFGiqMEtIA+i8LGEy03NUM+6ZjDoZeinrWPvHeoVL9J+lwwtzpb5XXv4= root@ubuntu-bionic
ssh-ed25519 AAAAC3NzaC1lZDI1NTE5AAAAILa+rFslBbUVODgelAtQ5g3TytU2WVUqGXzjPI04jsgj root@ubuntu-bionic
ssh-rsa AAAAB3NzaC1yc2EAAAADAQABAAABAQCpj/zHt1NizsWO8VPOXuxcAZDkjPut6eZnenH1G+BxDKzH2X8cCD9B6WSGT2bhasvJjFzFpuQTcBnZcmBAouX3yT1iUwLqUdt55HQFNjBrzLQ2kGv7e4WnVvugTmVUMIqXi6ecs3aoaAa8KdUGEnjdJqdRphyjZqcAXDGjB6WeMovPBrH50FlQIJ23sVXSn3a3O6Sg70h25ff8Cza1R9KrzRVNcj4h+JS+vdahM8AfGh9tR+q7D2qNuuynN2FVifPrzpY5TbCD5uoCfR48XvPibsZXmjF28EhE1T4GIeksSg40VS8ztwrSNk4wGtNam0zJXOeTlCQYhupPL9bVQNkh root@ubuntu-bionic
-----END SSH HOST KEY KEYS-----
[   21.168563] cloud-init[1602]: Cloud-init v. 22.2-0ubuntu1~18.04.3 running 'modules:final' at Tue, 30 Aug 2022 06:35:39 +0000. Up 20.89 seconds.
[   21.171573] cloud-init[1602]: Cloud-init v. 22.2-0ubuntu1~18.04.3 finished at Tue, 30 Aug 2022 06:35:39 +0000. Datasource DataSourceNoCloud [seed=/dev/sdb][dsmode=net].  Up 21.15 seconds

Ubuntu 18.04.6 LTS ubuntu-bionic ttyS0

ubuntu-bionic login: 